<?xml version="1.0" encoding="UTF-8"?>
<testsuite name="TestStart" tests="1" skipped="0" failures="0" errors="0" timestamp="2021-01-31T18:58:27" hostname="a124.ip.local" time="0.003">
  <properties/>
  <testcase name="testOk" classname="TestStart" time="0.003"/>
  <system-out><![CDATA[]]></system-out>
  <system-err><![CDATA[]]></system-err>
</testsuite>
