<?xml version="1.0" encoding="UTF-8"?>
<testsuite name="TestSmartCasts" tests="3" skipped="0" failures="0" errors="0" timestamp="2021-02-13T21:12:23" hostname="2760GLOBAL.fritz.box" time="0.009">
  <properties/>
  <testcase name="testNum" classname="TestSmartCasts" time="0.007"/>
  <testcase name="testSum" classname="TestSmartCasts" time="0.001"/>
  <testcase name="testRecursion" classname="TestSmartCasts" time="0.001"/>
  <system-out><![CDATA[]]></system-out>
  <system-err><![CDATA[]]></system-err>
</testsuite>
