<?xml version="1.0" encoding="UTF-8"?>
<testsuite name="Test" tests="1" skipped="0" failures="0" errors="0" timestamp="2021-02-14T08:50:37" hostname="2760GLOBAL.fritz.box" time="0.025">
  <properties/>
  <testcase name="testRandom" classname="Test" time="0.025"/>
  <system-out><![CDATA[]]></system-out>
  <system-err><![CDATA[]]></system-err>
</testsuite>
