<?xml version="1.0" encoding="UTF-8"?>
<testsuite name="TestLambdas" tests="2" skipped="0" failures="0" errors="0" timestamp="2021-02-13T18:49:39" hostname="2760GLOBAL.fritz.box" time="0.015">
  <properties/>
  <testcase name="contains" classname="TestLambdas" time="0.015"/>
  <testcase name="notContains" classname="TestLambdas" time="0.0"/>
  <system-out><![CDATA[]]></system-out>
  <system-err><![CDATA[]]></system-err>
</testsuite>
